
=== RUN @ 2026-01-31T15:31:05+00:00 ===

== Prisma bulma ==

== ✓ Prisma: /var/www/api-stage/prisma ==

== Docker reset ==
ln: '/run/docker.sock' and '/var/run/docker.sock' are the same file
time="2026-01-31T15:31:26Z" level=warning msg="/var/www/docker/compose/docker-compose.base.yml: the attribute `version` is obsolete, it will be ignored, please remove it to avoid potential confusion"
time="2026-01-31T15:31:26Z" level=warning msg="/var/www/docker/compose/docker-compose.staging.yml: the attribute `version` is obsolete, it will be ignored, please remove it to avoid potential confusion"

== Caddy up ==
time="2026-01-31T15:31:29Z" level=warning msg="/var/www/docker/compose/docker-compose.base.yml: the attribute `version` is obsolete, it will be ignored, please remove it to avoid potential confusion"
 Network compose_app_net Creating 
 Network compose_app_net Created 
 Container otomuhasebe-caddy Creating 
 Container otomuhasebe-caddy Created 
 Container otomuhasebe-caddy Starting 
 Container otomuhasebe-caddy Started 
time="2026-01-31T15:31:44Z" level=warning msg="/var/www/docker/compose/docker-compose.base.yml: the attribute `version` is obsolete, it will be ignored, please remove it to avoid potential confusion"
otomuhasebe-caddy  | {"level":"warn","ts":1769873498.3165896,"msg":"Caddyfile input is not formatted; run 'caddy fmt --overwrite' to fix inconsistencies","adapter":"caddyfile","file":"/etc/caddy/Caddyfile","line":7}
otomuhasebe-caddy  | {"level":"info","ts":1769873498.5113347,"logger":"admin","msg":"admin endpoint started","address":"localhost:2019","enforce_origin":false,"origins":["//localhost:2019","//[::1]:2019","//127.0.0.1:2019"]}
otomuhasebe-caddy  | {"level":"info","ts":1769873498.5116372,"logger":"http.auto_https","msg":"server is listening only on the HTTPS port but has no TLS connection policies; adding one to enable TLS","server_name":"srv0","https_port":443}
otomuhasebe-caddy  | {"level":"info","ts":1769873498.5116515,"logger":"http.auto_https","msg":"enabling automatic HTTP->HTTPS redirects","server_name":"srv0"}
otomuhasebe-caddy  | {"level":"info","ts":1769873498.5138302,"logger":"http","msg":"enabling HTTP/3 listener","addr":":443"}
otomuhasebe-caddy  | {"level":"info","ts":1769873498.5139062,"msg":"failed to sufficiently increase receive buffer size (was: 208 kiB, wanted: 7168 kiB, got: 416 kiB). See https://github.com/quic-go/quic-go/wiki/UDP-Buffer-Sizes for details."}
otomuhasebe-caddy  | {"level":"info","ts":1769873498.5140576,"logger":"http.log","msg":"server running","name":"srv0","protocols":["h1","h2","h3"]}
otomuhasebe-caddy  | {"level":"warn","ts":1769873498.5141215,"logger":"http","msg":"HTTP/2 skipped because it requires TLS","network":"tcp","addr":":80"}
otomuhasebe-caddy  | {"level":"warn","ts":1769873498.5141954,"logger":"http","msg":"HTTP/3 skipped because it requires TLS","network":"tcp","addr":":80"}
otomuhasebe-caddy  | {"level":"info","ts":1769873498.5142586,"logger":"http.log","msg":"server running","name":"remaining_auto_https_redirects","protocols":["h1","h2","h3"]}
otomuhasebe-caddy  | {"level":"info","ts":1769873498.5143003,"logger":"http","msg":"enabling automatic TLS certificate management","domains":["staging-api.otomuhasebe.com","panel.otomuhasebe.com","admin.otomuhasebe.com","landing-staging.otomuhasebe.com","admin-staging.otomuhasebe.com","otomuhasebe.com","www.otomuhasebe.com","api.otomuhasebe.com","staging.otomuhasebe.com"]}
otomuhasebe-caddy  | {"level":"info","ts":1769873498.6106267,"logger":"tls.cache.maintenance","msg":"started background certificate maintenance","cache":"0xc0003ad580"}
otomuhasebe-caddy  | {"level":"info","ts":1769873498.6123283,"msg":"autosaved config (load with --resume flag)","file":"/config/caddy/autosave.json"}
otomuhasebe-caddy  | {"level":"info","ts":1769873498.612344,"msg":"serving initial configuration"}
otomuhasebe-caddy  | {"level":"info","ts":1769873498.8103104,"logger":"tls.obtain","msg":"acquiring lock","identifier":"landing-staging.otomuhasebe.com"}
otomuhasebe-caddy  | {"level":"info","ts":1769873498.8105288,"logger":"tls","msg":"storage cleaning happened too recently; skipping for now","storage":"FileStorage:/data/caddy","instance":"32825aff-ea0c-43bd-8875-a0929c3855c4","try_again":1769959898.8105264,"try_again_in":86399.999999441}
otomuhasebe-caddy  | {"level":"info","ts":1769873498.8105786,"logger":"tls","msg":"finished cleaning storage units"}
otomuhasebe-caddy  | {"level":"info","ts":1769873498.8112369,"logger":"tls.obtain","msg":"lock acquired","identifier":"landing-staging.otomuhasebe.com"}
otomuhasebe-caddy  | {"level":"info","ts":1769873498.8113382,"logger":"tls.obtain","msg":"obtaining certificate","identifier":"landing-staging.otomuhasebe.com"}
otomuhasebe-caddy  | {"level":"info","ts":1769873498.8118315,"logger":"tls.issuance.acme","msg":"waiting on internal rate limiter","identifiers":["landing-staging.otomuhasebe.com"],"ca":"https://acme-v02.api.letsencrypt.org/directory","account":"admin@otomuhasebe.com"}
otomuhasebe-caddy  | {"level":"info","ts":1769873498.8118432,"logger":"tls.issuance.acme","msg":"done waiting on internal rate limiter","identifiers":["landing-staging.otomuhasebe.com"],"ca":"https://acme-v02.api.letsencrypt.org/directory","account":"admin@otomuhasebe.com"}
otomuhasebe-caddy  | {"level":"info","ts":1769873498.8118505,"logger":"tls.issuance.acme","msg":"using ACME account","account_id":"https://acme-v02.api.letsencrypt.org/acme/acct/3013339426","account_contact":["mailto:admin@otomuhasebe.com"]}
otomuhasebe-caddy  | {"level":"info","ts":1769873500.4058502,"msg":"trying to solve challenge","identifier":"landing-staging.otomuhasebe.com","challenge_type":"tls-alpn-01","ca":"https://acme-v02.api.letsencrypt.org/directory"}
otomuhasebe-caddy  | {"level":"error","ts":1769873501.2040632,"msg":"challenge failed","identifier":"landing-staging.otomuhasebe.com","challenge_type":"tls-alpn-01","problem":{"type":"urn:ietf:params:acme:error:dns","title":"","detail":"DNS problem: NXDOMAIN looking up A for landing-staging.otomuhasebe.com - check that a DNS record exists for this domain; DNS problem: NXDOMAIN looking up AAAA for landing-staging.otomuhasebe.com - check that a DNS record exists for this domain","instance":"","subproblems":null},"stacktrace":"github.com/mholt/acmez/v3.(*Client).pollAuthorization\n\tgithub.com/mholt/acmez/v3@v3.1.2/client.go:557\ngithub.com/mholt/acmez/v3.(*Client).solveChallenges\n\tgithub.com/mholt/acmez/v3@v3.1.2/client.go:378\ngithub.com/mholt/acmez/v3.(*Client).ObtainCertificate\n\tgithub.com/mholt/acmez/v3@v3.1.2/client.go:136\ngithub.com/caddyserver/certmagic.(*ACMEIssuer).doIssue\n\tgithub.com/caddyserver/certmagic@v0.24.0/acmeissuer.go:489\ngithub.com/caddyserver/certmagic.(*ACMEIssuer).Issue\n\tgithub.com/caddyserver/certmagic@v0.24.0/acmeissuer.go:382\ngithub.com/caddyserver/caddy/v2/modules/caddytls.(*ACMEIssuer).Issue\n\tgithub.com/caddyserver/caddy/v2@v2.10.2/modules/caddytls/acmeissuer.go:288\ngithub.com/caddyserver/certmagic.(*Config).obtainCert.func2\n\tgithub.com/caddyserver/certmagic@v0.24.0/config.go:626\ngithub.com/caddyserver/certmagic.doWithRetry\n\tgithub.com/caddyserver/certmagic@v0.24.0/async.go:104\ngithub.com/caddyserver/certmagic.(*Config).obtainCert\n\tgithub.com/caddyserver/certmagic@v0.24.0/config.go:700\ngithub.com/caddyserver/certmagic.(*Config).ObtainCertAsync\n\tgithub.com/caddyserver/certmagic@v0.24.0/config.go:505\ngithub.com/caddyserver/certmagic.(*Config).manageOne.func1\n\tgithub.com/caddyserver/certmagic@v0.24.0/config.go:415\ngithub.com/caddyserver/certmagic.(*jobManager).worker\n\tgithub.com/caddyserver/certmagic@v0.24.0/async.go:73"}
otomuhasebe-caddy  | {"level":"error","ts":1769873501.204178,"msg":"validating authorization","identifier":"landing-staging.otomuhasebe.com","problem":{"type":"urn:ietf:params:acme:error:dns","title":"","detail":"DNS problem: NXDOMAIN looking up A for landing-staging.otomuhasebe.com - check that a DNS record exists for this domain; DNS problem: NXDOMAIN looking up AAAA for landing-staging.otomuhasebe.com - check that a DNS record exists for this domain","instance":"","subproblems":null},"order":"https://acme-v02.api.letsencrypt.org/acme/order/3013339426/475434083066","attempt":1,"max_attempts":3,"stacktrace":"github.com/mholt/acmez/v3.(*Client).ObtainCertificate\n\tgithub.com/mholt/acmez/v3@v3.1.2/client.go:152\ngithub.com/caddyserver/certmagic.(*ACMEIssuer).doIssue\n\tgithub.com/caddyserver/certmagic@v0.24.0/acmeissuer.go:489\ngithub.com/caddyserver/certmagic.(*ACMEIssuer).Issue\n\tgithub.com/caddyserver/certmagic@v0.24.0/acmeissuer.go:382\ngithub.com/caddyserver/caddy/v2/modules/caddytls.(*ACMEIssuer).Issue\n\tgithub.com/caddyserver/caddy/v2@v2.10.2/modules/caddytls/acmeissuer.go:288\ngithub.com/caddyserver/certmagic.(*Config).obtainCert.func2\n\tgithub.com/caddyserver/certmagic@v0.24.0/config.go:626\ngithub.com/caddyserver/certmagic.doWithRetry\n\tgithub.com/caddyserver/certmagic@v0.24.0/async.go:104\ngithub.com/caddyserver/certmagic.(*Config).obtainCert\n\tgithub.com/caddyserver/certmagic@v0.24.0/config.go:700\ngithub.com/caddyserver/certmagic.(*Config).ObtainCertAsync\n\tgithub.com/caddyserver/certmagic@v0.24.0/config.go:505\ngithub.com/caddyserver/certmagic.(*Config).manageOne.func1\n\tgithub.com/caddyserver/certmagic@v0.24.0/config.go:415\ngithub.com/caddyserver/certmagic.(*jobManager).worker\n\tgithub.com/caddyserver/certmagic@v0.24.0/async.go:73"}
otomuhasebe-caddy  | {"level":"error","ts":1769873502.5001526,"logger":"tls.obtain","msg":"could not get certificate from issuer","identifier":"landing-staging.otomuhasebe.com","issuer":"acme-v02.api.letsencrypt.org-directory","error":"HTTP 429 urn:ietf:params:acme:error:rateLimited - too many failed authorizations (5) for \"landing-staging.otomuhasebe.com\" in the last 1h0m0s, retry after 2026-01-31 15:36:21 UTC: see https://letsencrypt.org/docs/rate-limits/#authorization-failures-per-identifier-per-account"}
otomuhasebe-caddy  | {"level":"info","ts":1769873502.5006602,"logger":"tls.issuance.acme","msg":"waiting on internal rate limiter","identifiers":["landing-staging.otomuhasebe.com"],"ca":"https://acme.zerossl.com/v2/DV90","account":"admin@otomuhasebe.com"}
otomuhasebe-caddy  | {"level":"info","ts":1769873502.5006702,"logger":"tls.issuance.acme","msg":"done waiting on internal rate limiter","identifiers":["landing-staging.otomuhasebe.com"],"ca":"https://acme.zerossl.com/v2/DV90","account":"admin@otomuhasebe.com"}
otomuhasebe-caddy  | {"level":"info","ts":1769873502.5007782,"logger":"tls.issuance.acme","msg":"using ACME account","account_id":"https://acme.zerossl.com/v2/DV90/account/TLDmouJIjenUj67a0VKyzA","account_contact":["mailto:admin@otomuhasebe.com"]}
otomuhasebe-caddy  | {"level":"info","ts":1769873503.796833,"msg":"trying to solve challenge","identifier":"landing-staging.otomuhasebe.com","challenge_type":"http-01","ca":"https://acme.zerossl.com/v2/DV90"}

== Backend-staging build + up ==
time="2026-01-31T15:31:47Z" level=warning msg="/var/www/docker/compose/docker-compose.base.yml: the attribute `version` is obsolete, it will be ignored, please remove it to avoid potential confusion"
time="2026-01-31T15:31:47Z" level=warning msg="/var/www/docker/compose/docker-compose.staging.yml: the attribute `version` is obsolete, it will be ignored, please remove it to avoid potential confusion"
 Container compose-admin-panel-staging-1 Creating 
 Container otomuhasebe-caddy Running 
 Container otomuhasebe-postgres Creating 
 Container otomuhasebe-redis Creating 
 Container otomuhasebe-postgres Created 
 Container compose-backend-staging-1 Creating 
 Container otomuhasebe-redis Created 
 Container compose-admin-panel-staging-1 Created 
 Container compose-backend-staging-1 Created 
 Container compose-landing-page-staging-1 Creating 
 Container compose-user-panel-staging-1 Creating 
 Container compose-user-panel-staging-1 Created 
 Container compose-landing-page-staging-1 Created 
time="2026-01-31T15:31:55Z" level=warning msg="/var/www/docker/compose/docker-compose.base.yml: the attribute `version` is obsolete, it will be ignored, please remove it to avoid potential confusion"
time="2026-01-31T15:31:55Z" level=warning msg="/var/www/docker/compose/docker-compose.staging.yml: the attribute `version` is obsolete, it will be ignored, please remove it to avoid potential confusion"
 Image compose-backend-staging Building 
#1 [internal] load local bake definitions
#1 reading from stdin 531B done
#1 DONE 0.0s

#2 [internal] load build definition from Dockerfile
#2 transferring dockerfile: 889B 0.1s done
#2 DONE 0.3s

#3 [internal] load metadata for docker.io/library/node:20-alpine
#3 DONE 3.4s

#4 [internal] load .dockerignore
#4 transferring context: 361B 0.3s done
#4 DONE 0.7s

#5 [build 1/9] FROM docker.io/library/node:20-alpine@sha256:09e2b3d9726018aecf269bd35325f46bf75046a643a66d28360ec71132750ec8
#5 DONE 0.0s

#6 [internal] load build context
#6 transferring context: 38.23kB 1.8s done
#6 DONE 2.6s

#7 [build 4/9] COPY server/prisma ./server/prisma
#7 CACHED

#8 [run 3/5] COPY --from=build /app/server/node_modules ./node_modules
#8 CACHED

#9 [run 4/5] COPY --from=build /app/server/dist ./dist
#9 CACHED

#10 [build 2/9] WORKDIR /app
#10 CACHED

#11 [build 5/9] RUN cd server && npm install --legacy-peer-deps
#11 CACHED

#12 [build 8/9] COPY server/nest-cli.json ./server/nest-cli.json
#12 CACHED

#13 [build 9/9] RUN cd server && npm run build
#13 CACHED

#14 [run 2/5] WORKDIR /app/server
#14 CACHED

#15 [build 3/9] COPY server/package*.json ./server/
#15 CACHED

#16 [build 6/9] COPY server/src ./server/src
#16 CACHED

#17 [build 7/9] COPY server/tsconfig.json ./server/tsconfig.json
#17 CACHED

#18 [run 5/5] COPY --from=build /app/server/prisma ./prisma
#18 CACHED

#19 exporting to image
#19 exporting layers done
#19 writing image sha256:8676bf1c7760065c96c87019bd2adb47e9d92b3419b403f9b2a1148ed086d32d
#19 writing image sha256:8676bf1c7760065c96c87019bd2adb47e9d92b3419b403f9b2a1148ed086d32d 0.3s done
#19 naming to docker.io/library/compose-backend-staging
#19 naming to docker.io/library/compose-backend-staging done
#19 DONE 0.5s

#20 resolving provenance for metadata file
#20 DONE 0.1s
 Image compose-backend-staging Built 
time="2026-01-31T15:32:30Z" level=warning msg="/var/www/docker/compose/docker-compose.base.yml: the attribute `version` is obsolete, it will be ignored, please remove it to avoid potential confusion"
time="2026-01-31T15:32:30Z" level=warning msg="/var/www/docker/compose/docker-compose.staging.yml: the attribute `version` is obsolete, it will be ignored, please remove it to avoid potential confusion"
 Container otomuhasebe-postgres Starting 
 Container otomuhasebe-postgres Started 
 Container compose-backend-staging-1 Starting 
 Container compose-backend-staging-1 Started 

== Backend CID: 71986a0cbead ==

== Backend health bekleme (90s) ==
ERROR: Backend health başarısız

=== RUN @ 2026-02-03T17:20:52+00:00 ===

== Prisma bulma ==

== ✓ Prisma: /var/www/api-stage/prisma ==

== Docker reset ==
ln: '/run/docker.sock' and '/var/run/docker.sock' are the same file
time="2026-02-03T17:20:56Z" level=warning msg="/var/www/docker/compose/docker-compose.base.yml: the attribute `version` is obsolete, it will be ignored, please remove it to avoid potential confusion"
time="2026-02-03T17:20:56Z" level=warning msg="/var/www/docker/compose/docker-compose.staging.yml: the attribute `version` is obsolete, it will be ignored, please remove it to avoid potential confusion"

== Caddy up ==
time="2026-02-03T17:20:56Z" level=warning msg="/var/www/docker/compose/docker-compose.base.yml: the attribute `version` is obsolete, it will be ignored, please remove it to avoid potential confusion"
 Network compose_app_net Removed 
 Network compose_app_net Creating 
 Network compose_app_net Created 
 Container otomuhasebe-caddy Creating 
 Container otomuhasebe-caddy Created 
 Container otomuhasebe-caddy Starting 
 Container otomuhasebe-caddy Started 
time="2026-02-03T17:21:01Z" level=warning msg="/var/www/docker/compose/docker-compose.base.yml: the attribute `version` is obsolete, it will be ignored, please remove it to avoid potential confusion"
otomuhasebe-caddy  | {"level":"info","ts":1770139256.7662938,"logger":"http.auto_https","msg":"enabling automatic HTTP->HTTPS redirects","server_name":"srv0"}
otomuhasebe-caddy  | {"level":"info","ts":1770139256.7712371,"logger":"http","msg":"enabling HTTP/3 listener","addr":":443"}
otomuhasebe-caddy  | {"level":"info","ts":1770139256.7719338,"msg":"failed to sufficiently increase receive buffer size (was: 208 kiB, wanted: 7168 kiB, got: 416 kiB). See https://github.com/quic-go/quic-go/wiki/UDP-Buffer-Sizes for details."}
otomuhasebe-caddy  | {"level":"info","ts":1770139256.772505,"logger":"http.log","msg":"server running","name":"srv0","protocols":["h1","h2","h3"]}
otomuhasebe-caddy  | {"level":"warn","ts":1770139256.7728229,"logger":"http","msg":"HTTP/2 skipped because it requires TLS","network":"tcp","addr":":80"}
otomuhasebe-caddy  | {"level":"warn","ts":1770139256.7728324,"logger":"http","msg":"HTTP/3 skipped because it requires TLS","network":"tcp","addr":":80"}
otomuhasebe-caddy  | {"level":"info","ts":1770139256.7728388,"logger":"http.log","msg":"server running","name":"remaining_auto_https_redirects","protocols":["h1","h2","h3"]}
otomuhasebe-caddy  | {"level":"info","ts":1770139256.772849,"logger":"http","msg":"enabling automatic TLS certificate management","domains":["otomuhasebe.com","panel.otomuhasebe.com","staging-api.otomuhasebe.com","api.otomuhasebe.com","landing-staging.otomuhasebe.com","staging.otomuhasebe.com","www.otomuhasebe.com","admin-staging.otomuhasebe.com","admin.otomuhasebe.com"]}
otomuhasebe-caddy  | {"level":"info","ts":1770139256.779767,"logger":"tls.cache.maintenance","msg":"started background certificate maintenance","cache":"0xc0005e0900"}
otomuhasebe-caddy  | {"level":"info","ts":1770139256.7821703,"logger":"tls.obtain","msg":"acquiring lock","identifier":"landing-staging.otomuhasebe.com"}
otomuhasebe-caddy  | {"level":"info","ts":1770139256.7830088,"logger":"tls.obtain","msg":"lock acquired","identifier":"landing-staging.otomuhasebe.com"}
otomuhasebe-caddy  | {"level":"info","ts":1770139256.7831628,"logger":"tls.obtain","msg":"obtaining certificate","identifier":"landing-staging.otomuhasebe.com"}
otomuhasebe-caddy  | {"level":"info","ts":1770139256.7860565,"logger":"tls.issuance.acme","msg":"waiting on internal rate limiter","identifiers":["landing-staging.otomuhasebe.com"],"ca":"https://acme-v02.api.letsencrypt.org/directory","account":"admin@otomuhasebe.com"}
otomuhasebe-caddy  | {"level":"info","ts":1770139256.786071,"logger":"tls.issuance.acme","msg":"done waiting on internal rate limiter","identifiers":["landing-staging.otomuhasebe.com"],"ca":"https://acme-v02.api.letsencrypt.org/directory","account":"admin@otomuhasebe.com"}
otomuhasebe-caddy  | {"level":"info","ts":1770139256.7862446,"logger":"tls.issuance.acme","msg":"using ACME account","account_id":"https://acme-v02.api.letsencrypt.org/acme/acct/3013339426","account_contact":["mailto:admin@otomuhasebe.com"]}
otomuhasebe-caddy  | {"level":"info","ts":1770139256.7876651,"msg":"autosaved config (load with --resume flag)","file":"/config/caddy/autosave.json"}
otomuhasebe-caddy  | {"level":"info","ts":1770139256.7877114,"msg":"serving initial configuration"}
otomuhasebe-caddy  | {"level":"info","ts":1770139256.7887714,"logger":"tls","msg":"storage cleaning happened too recently; skipping for now","storage":"FileStorage:/data/caddy","instance":"32825aff-ea0c-43bd-8875-a0929c3855c4","try_again":1770225656.7887702,"try_again_in":86399.999999659}
otomuhasebe-caddy  | {"level":"info","ts":1770139256.7888546,"logger":"tls","msg":"finished cleaning storage units"}
otomuhasebe-caddy  | {"level":"info","ts":1770139257.8325312,"msg":"trying to solve challenge","identifier":"landing-staging.otomuhasebe.com","challenge_type":"http-01","ca":"https://acme-v02.api.letsencrypt.org/directory"}
otomuhasebe-caddy  | {"level":"error","ts":1770139258.4028795,"msg":"challenge failed","identifier":"landing-staging.otomuhasebe.com","challenge_type":"http-01","problem":{"type":"urn:ietf:params:acme:error:dns","title":"","detail":"DNS problem: NXDOMAIN looking up A for landing-staging.otomuhasebe.com - check that a DNS record exists for this domain; DNS problem: NXDOMAIN looking up AAAA for landing-staging.otomuhasebe.com - check that a DNS record exists for this domain","instance":"","subproblems":null},"stacktrace":"github.com/mholt/acmez/v3.(*Client).pollAuthorization\n\tgithub.com/mholt/acmez/v3@v3.1.2/client.go:557\ngithub.com/mholt/acmez/v3.(*Client).solveChallenges\n\tgithub.com/mholt/acmez/v3@v3.1.2/client.go:378\ngithub.com/mholt/acmez/v3.(*Client).ObtainCertificate\n\tgithub.com/mholt/acmez/v3@v3.1.2/client.go:136\ngithub.com/caddyserver/certmagic.(*ACMEIssuer).doIssue\n\tgithub.com/caddyserver/certmagic@v0.24.0/acmeissuer.go:489\ngithub.com/caddyserver/certmagic.(*ACMEIssuer).Issue\n\tgithub.com/caddyserver/certmagic@v0.24.0/acmeissuer.go:382\ngithub.com/caddyserver/caddy/v2/modules/caddytls.(*ACMEIssuer).Issue\n\tgithub.com/caddyserver/caddy/v2@v2.10.2/modules/caddytls/acmeissuer.go:288\ngithub.com/caddyserver/certmagic.(*Config).obtainCert.func2\n\tgithub.com/caddyserver/certmagic@v0.24.0/config.go:626\ngithub.com/caddyserver/certmagic.doWithRetry\n\tgithub.com/caddyserver/certmagic@v0.24.0/async.go:104\ngithub.com/caddyserver/certmagic.(*Config).obtainCert\n\tgithub.com/caddyserver/certmagic@v0.24.0/config.go:700\ngithub.com/caddyserver/certmagic.(*Config).ObtainCertAsync\n\tgithub.com/caddyserver/certmagic@v0.24.0/config.go:505\ngithub.com/caddyserver/certmagic.(*Config).manageOne.func1\n\tgithub.com/caddyserver/certmagic@v0.24.0/config.go:415\ngithub.com/caddyserver/certmagic.(*jobManager).worker\n\tgithub.com/caddyserver/certmagic@v0.24.0/async.go:73"}
otomuhasebe-caddy  | {"level":"error","ts":1770139258.4034982,"msg":"validating authorization","identifier":"landing-staging.otomuhasebe.com","problem":{"type":"urn:ietf:params:acme:error:dns","title":"","detail":"DNS problem: NXDOMAIN looking up A for landing-staging.otomuhasebe.com - check that a DNS record exists for this domain; DNS problem: NXDOMAIN looking up AAAA for landing-staging.otomuhasebe.com - check that a DNS record exists for this domain","instance":"","subproblems":null},"order":"https://acme-v02.api.letsencrypt.org/acme/order/3013339426/476475711716","attempt":1,"max_attempts":3,"stacktrace":"github.com/mholt/acmez/v3.(*Client).ObtainCertificate\n\tgithub.com/mholt/acmez/v3@v3.1.2/client.go:152\ngithub.com/caddyserver/certmagic.(*ACMEIssuer).doIssue\n\tgithub.com/caddyserver/certmagic@v0.24.0/acmeissuer.go:489\ngithub.com/caddyserver/certmagic.(*ACMEIssuer).Issue\n\tgithub.com/caddyserver/certmagic@v0.24.0/acmeissuer.go:382\ngithub.com/caddyserver/caddy/v2/modules/caddytls.(*ACMEIssuer).Issue\n\tgithub.com/caddyserver/caddy/v2@v2.10.2/modules/caddytls/acmeissuer.go:288\ngithub.com/caddyserver/certmagic.(*Config).obtainCert.func2\n\tgithub.com/caddyserver/certmagic@v0.24.0/config.go:626\ngithub.com/caddyserver/certmagic.doWithRetry\n\tgithub.com/caddyserver/certmagic@v0.24.0/async.go:104\ngithub.com/caddyserver/certmagic.(*Config).obtainCert\n\tgithub.com/caddyserver/certmagic@v0.24.0/config.go:700\ngithub.com/caddyserver/certmagic.(*Config).ObtainCertAsync\n\tgithub.com/caddyserver/certmagic@v0.24.0/config.go:505\ngithub.com/caddyserver/certmagic.(*Config).manageOne.func1\n\tgithub.com/caddyserver/certmagic@v0.24.0/config.go:415\ngithub.com/caddyserver/certmagic.(*jobManager).worker\n\tgithub.com/caddyserver/certmagic@v0.24.0/async.go:73"}
otomuhasebe-caddy  | {"level":"info","ts":1770139259.730058,"msg":"trying to solve challenge","identifier":"landing-staging.otomuhasebe.com","challenge_type":"tls-alpn-01","ca":"https://acme-v02.api.letsencrypt.org/directory"}
otomuhasebe-caddy  | {"level":"error","ts":1770139260.2778492,"msg":"challenge failed","identifier":"landing-staging.otomuhasebe.com","challenge_type":"tls-alpn-01","problem":{"type":"urn:ietf:params:acme:error:dns","title":"","detail":"DNS problem: NXDOMAIN looking up A for landing-staging.otomuhasebe.com - check that a DNS record exists for this domain; DNS problem: NXDOMAIN looking up AAAA for landing-staging.otomuhasebe.com - check that a DNS record exists for this domain","instance":"","subproblems":null},"stacktrace":"github.com/mholt/acmez/v3.(*Client).pollAuthorization\n\tgithub.com/mholt/acmez/v3@v3.1.2/client.go:557\ngithub.com/mholt/acmez/v3.(*Client).solveChallenges\n\tgithub.com/mholt/acmez/v3@v3.1.2/client.go:378\ngithub.com/mholt/acmez/v3.(*Client).ObtainCertificate\n\tgithub.com/mholt/acmez/v3@v3.1.2/client.go:136\ngithub.com/caddyserver/certmagic.(*ACMEIssuer).doIssue\n\tgithub.com/caddyserver/certmagic@v0.24.0/acmeissuer.go:489\ngithub.com/caddyserver/certmagic.(*ACMEIssuer).Issue\n\tgithub.com/caddyserver/certmagic@v0.24.0/acmeissuer.go:382\ngithub.com/caddyserver/caddy/v2/modules/caddytls.(*ACMEIssuer).Issue\n\tgithub.com/caddyserver/caddy/v2@v2.10.2/modules/caddytls/acmeissuer.go:288\ngithub.com/caddyserver/certmagic.(*Config).obtainCert.func2\n\tgithub.com/caddyserver/certmagic@v0.24.0/config.go:626\ngithub.com/caddyserver/certmagic.doWithRetry\n\tgithub.com/caddyserver/certmagic@v0.24.0/async.go:104\ngithub.com/caddyserver/certmagic.(*Config).obtainCert\n\tgithub.com/caddyserver/certmagic@v0.24.0/config.go:700\ngithub.com/caddyserver/certmagic.(*Config).ObtainCertAsync\n\tgithub.com/caddyserver/certmagic@v0.24.0/config.go:505\ngithub.com/caddyserver/certmagic.(*Config).manageOne.func1\n\tgithub.com/caddyserver/certmagic@v0.24.0/config.go:415\ngithub.com/caddyserver/certmagic.(*jobManager).worker\n\tgithub.com/caddyserver/certmagic@v0.24.0/async.go:73"}
otomuhasebe-caddy  | {"level":"error","ts":1770139260.2779715,"msg":"validating authorization","identifier":"landing-staging.otomuhasebe.com","problem":{"type":"urn:ietf:params:acme:error:dns","title":"","detail":"DNS problem: NXDOMAIN looking up A for landing-staging.otomuhasebe.com - check that a DNS record exists for this domain; DNS problem: NXDOMAIN looking up AAAA for landing-staging.otomuhasebe.com - check that a DNS record exists for this domain","instance":"","subproblems":null},"order":"https://acme-v02.api.letsencrypt.org/acme/order/3013339426/476475719816","attempt":2,"max_attempts":3,"stacktrace":"github.com/mholt/acmez/v3.(*Client).ObtainCertificate\n\tgithub.com/mholt/acmez/v3@v3.1.2/client.go:152\ngithub.com/caddyserver/certmagic.(*ACMEIssuer).doIssue\n\tgithub.com/caddyserver/certmagic@v0.24.0/acmeissuer.go:489\ngithub.com/caddyserver/certmagic.(*ACMEIssuer).Issue\n\tgithub.com/caddyserver/certmagic@v0.24.0/acmeissuer.go:382\ngithub.com/caddyserver/caddy/v2/modules/caddytls.(*ACMEIssuer).Issue\n\tgithub.com/caddyserver/caddy/v2@v2.10.2/modules/caddytls/acmeissuer.go:288\ngithub.com/caddyserver/certmagic.(*Config).obtainCert.func2\n\tgithub.com/caddyserver/certmagic@v0.24.0/config.go:626\ngithub.com/caddyserver/certmagic.doWithRetry\n\tgithub.com/caddyserver/certmagic@v0.24.0/async.go:104\ngithub.com/caddyserver/certmagic.(*Config).obtainCert\n\tgithub.com/caddyserver/certmagic@v0.24.0/config.go:700\ngithub.com/caddyserver/certmagic.(*Config).ObtainCertAsync\n\tgithub.com/caddyserver/certmagic@v0.24.0/config.go:505\ngithub.com/caddyserver/certmagic.(*Config).manageOne.func1\n\tgithub.com/caddyserver/certmagic@v0.24.0/config.go:415\ngithub.com/caddyserver/certmagic.(*jobManager).worker\n\tgithub.com/caddyserver/certmagic@v0.24.0/async.go:73"}
otomuhasebe-caddy  | {"level":"error","ts":1770139260.2780182,"logger":"tls.obtain","msg":"could not get certificate from issuer","identifier":"landing-staging.otomuhasebe.com","issuer":"acme-v02.api.letsencrypt.org-directory","error":"HTTP 400 urn:ietf:params:acme:error:dns - DNS problem: NXDOMAIN looking up A for landing-staging.otomuhasebe.com - check that a DNS record exists for this domain; DNS problem: NXDOMAIN looking up AAAA for landing-staging.otomuhasebe.com - check that a DNS record exists for this domain"}
otomuhasebe-caddy  | {"level":"info","ts":1770139260.278698,"logger":"tls.issuance.acme","msg":"waiting on internal rate limiter","identifiers":["landing-staging.otomuhasebe.com"],"ca":"https://acme.zerossl.com/v2/DV90","account":"admin@otomuhasebe.com"}
otomuhasebe-caddy  | {"level":"info","ts":1770139260.2787192,"logger":"tls.issuance.acme","msg":"done waiting on internal rate limiter","identifiers":["landing-staging.otomuhasebe.com"],"ca":"https://acme.zerossl.com/v2/DV90","account":"admin@otomuhasebe.com"}
otomuhasebe-caddy  | {"level":"info","ts":1770139260.278733,"logger":"tls.issuance.acme","msg":"using ACME account","account_id":"https://acme.zerossl.com/v2/DV90/account/TLDmouJIjenUj67a0VKyzA","account_contact":["mailto:admin@otomuhasebe.com"]}
otomuhasebe-caddy  | {"level":"info","ts":1770139261.299375,"msg":"trying to solve challenge","identifier":"landing-staging.otomuhasebe.com","challenge_type":"http-01","ca":"https://acme.zerossl.com/v2/DV90"}

== Backend-staging build + up ==
time="2026-02-03T17:21:01Z" level=warning msg="/var/www/docker/compose/docker-compose.base.yml: the attribute `version` is obsolete, it will be ignored, please remove it to avoid potential confusion"
time="2026-02-03T17:21:01Z" level=warning msg="/var/www/docker/compose/docker-compose.staging.yml: the attribute `version` is obsolete, it will be ignored, please remove it to avoid potential confusion"
 Container otomuhasebe-postgres Creating 
 Container otomuhasebe-redis Creating 
 Container otomuhasebe-caddy Running 
 Container compose-admin-panel-staging-1 Creating 
 Container otomuhasebe-redis Created 
 Container otomuhasebe-postgres Created 
 Container compose-backend-staging-1 Creating 
 Container compose-admin-panel-staging-1 Created 
 Container compose-backend-staging-1 Created 
 Container compose-user-panel-staging-1 Creating 
 Container compose-landing-page-staging-1 Creating 
 Container compose-user-panel-staging-1 Created 
 Container compose-landing-page-staging-1 Created 
time="2026-02-03T17:21:02Z" level=warning msg="/var/www/docker/compose/docker-compose.base.yml: the attribute `version` is obsolete, it will be ignored, please remove it to avoid potential confusion"
time="2026-02-03T17:21:02Z" level=warning msg="/var/www/docker/compose/docker-compose.staging.yml: the attribute `version` is obsolete, it will be ignored, please remove it to avoid potential confusion"
 Image compose-backend-staging Building 
#1 [internal] load local bake definitions
#1 reading from stdin 531B done
#1 DONE 0.0s

#2 [internal] load build definition from Dockerfile
#2 transferring dockerfile: 889B done
#2 DONE 0.0s

#3 [internal] load metadata for docker.io/library/node:20-alpine
#3 DONE 0.0s

#4 [internal] load .dockerignore
#4 transferring context: 361B done
#4 DONE 0.0s

#5 [build 1/9] FROM docker.io/library/node:20-alpine
#5 DONE 0.0s

#6 [internal] load build context
#6 transferring context: 38.87kB 0.6s done
#6 DONE 0.6s

#7 [build 2/9] WORKDIR /app
#7 CACHED

#8 [build 5/9] RUN cd server && npm install --legacy-peer-deps
#8 CACHED

#9 [run 4/5] COPY --from=build /app/server/dist ./dist
#9 CACHED

#10 [build 3/9] COPY server/package*.json ./server/
#10 CACHED

#11 [build 9/9] RUN cd server && npm run build
#11 CACHED

#12 [run 2/5] WORKDIR /app/server
#12 CACHED

#13 [build 8/9] COPY server/nest-cli.json ./server/nest-cli.json
#13 CACHED

#14 [build 6/9] COPY server/src ./server/src
#14 CACHED

#15 [build 4/9] COPY server/prisma ./server/prisma
#15 CACHED

#16 [build 7/9] COPY server/tsconfig.json ./server/tsconfig.json
#16 CACHED

#17 [run 3/5] COPY --from=build /app/server/node_modules ./node_modules
#17 CACHED

#18 [run 5/5] COPY --from=build /app/server/prisma ./prisma
#18 CACHED

#19 exporting to image
#19 exporting layers done
#19 writing image sha256:7bcae21a923664aeb470bcf8822e6c3e2b985dcea3b199db25dd6ae44348427c done
#19 naming to docker.io/library/compose-backend-staging done
#19 DONE 0.0s

#20 resolving provenance for metadata file
#20 DONE 0.0s
 Image compose-backend-staging Built 
time="2026-02-03T17:21:02Z" level=warning msg="/var/www/docker/compose/docker-compose.base.yml: the attribute `version` is obsolete, it will be ignored, please remove it to avoid potential confusion"
time="2026-02-03T17:21:02Z" level=warning msg="/var/www/docker/compose/docker-compose.staging.yml: the attribute `version` is obsolete, it will be ignored, please remove it to avoid potential confusion"
 Container otomuhasebe-postgres Starting 
 Container otomuhasebe-postgres Started 
 Container compose-backend-staging-1 Starting 
 Container compose-backend-staging-1 Started 

== Backend CID: 227aee8a4b81 ==

== Backend health bekleme (90s) ==
ERROR: Backend health başarısız

=== RUN @ 2026-02-03T17:39:09+00:00 ===

== Prisma bulma ==

== ✓ Prisma: /var/www/api-stage/prisma ==

== Docker reset ==

=== RUN @ 2026-02-03T17:39:11+00:00 ===

== Prisma bulma ==

== ✓ Prisma: /var/www/api-stage/prisma ==

== Docker reset ==
ln: '/run/docker.sock' and '/var/run/docker.sock' are the same file
time="2026-02-03T17:39:15Z" level=warning msg="/var/www/docker/compose/docker-compose.base.yml: the attribute `version` is obsolete, it will be ignored, please remove it to avoid potential confusion"
time="2026-02-03T17:39:15Z" level=warning msg="/var/www/docker/compose/docker-compose.staging.yml: the attribute `version` is obsolete, it will be ignored, please remove it to avoid potential confusion"

== Caddy up ==
time="2026-02-03T17:39:15Z" level=warning msg="/var/www/docker/compose/docker-compose.base.yml: the attribute `version` is obsolete, it will be ignored, please remove it to avoid potential confusion"
 Network compose_app_net Creating 
 Network compose_app_net Created 
 Container otomuhasebe-caddy Creating 
 Container otomuhasebe-caddy Created 
 Container otomuhasebe-caddy Starting 
 Container otomuhasebe-caddy Started 
